<?xml version="1.0" encoding="UTF-8"?>
<coverage generated="1548302534343" clover="3.2.0">
  <project timestamp="1548302534343" name="All files">
    <metrics statements="9" coveredstatements="8" conditionals="8" coveredconditionals="6" methods="4" coveredmethods="3" elements="21" coveredelements="17" complexity="0" loc="9" ncloc="9" packages="1" files="1" classes="1">
      <file name="calc.js" path="/Users/riza/Developers/ThrowAway/calcapp/calc.js">
        <metrics statements="9" coveredstatements="8" conditionals="8" coveredconditionals="6" methods="4" coveredmethods="3"/>
        <line num="1" count="1" type="stmt"/>
        <line num="2" count="1" type="cond" truecount="3" falsecount="1"/>
        <line num="4" count="1" type="cond" truecount="3" falsecount="1"/>
        <line num="5" count="0" type="stmt"/>
        <line num="6" count="1" type="stmt"/>
        <line num="8" count="1" type="stmt"/>
        <line num="9" count="1" type="stmt"/>
        <line num="10" count="1" type="stmt"/>
        <line num="12" count="1" type="stmt"/>
      </file>
    </metrics>
  </project>
</coverage>
