{"/Users/riza/Developers/ThrowAway/calcapp/calc.js": {"path":"/Users/riza/Developers/ThrowAway/calcapp/calc.js","statementMap":{"0":{"start":{"line":1,"column":12},"end":{"line":7,"column":1}},"1":{"start":{"line":2,"column":2},"end":{"line":2,"column":41}},"2":{"start":{"line":2,"column":28},"end":{"line":2,"column":41}},"3":{"start":{"line":4,"column":2},"end":{"line":5,"column":41}},"4":{"start":{"line":5,"column":4},"end":{"line":5,"column":41}},"5":{"start":{"line":6,"column":2},"end":{"line":6,"column":35}},"6":{"start":{"line":8,"column":12},"end":{"line":8,"column":27}},"7":{"start":{"line":8,"column":22},"end":{"line":8,"column":27}},"8":{"start":{"line":9,"column":12},"end":{"line":9,"column":27}},"9":{"start":{"line":9,"column":22},"end":{"line":9,"column":27}},"10":{"start":{"line":10,"column":12},"end":{"line":10,"column":27}},"11":{"start":{"line":10,"column":22},"end":{"line":10,"column":27}},"12":{"start":{"line":12,"column":0},"end":{"line":17,"column":2}}},"fnMap":{"0":{"name":"(anonymous_0)","decl":{"start":{"line":1,"column":12},"end":{"line":1,"column":13}},"loc":{"start":{"line":1,"column":22},"end":{"line":7,"column":1}},"line":1},"1":{"name":"(anonymous_1)","decl":{"start":{"line":8,"column":12},"end":{"line":8,"column":13}},"loc":{"start":{"line":8,"column":22},"end":{"line":8,"column":27}},"line":8},"2":{"name":"(anonymous_2)","decl":{"start":{"line":9,"column":12},"end":{"line":9,"column":13}},"loc":{"start":{"line":9,"column":22},"end":{"line":9,"column":27}},"line":9},"3":{"name":"(anonymous_3)","decl":{"start":{"line":10,"column":12},"end":{"line":10,"column":13}},"loc":{"start":{"line":10,"column":22},"end":{"line":10,"column":27}},"line":10}},"branchMap":{"0":{"loc":{"start":{"line":2,"column":2},"end":{"line":2,"column":41}},"type":"if","locations":[{"start":{"line":2,"column":2},"end":{"line":2,"column":41}},{"start":{"line":2,"column":2},"end":{"line":2,"column":41}}],"line":2},"1":{"loc":{"start":{"line":2,"column":6},"end":{"line":2,"column":26}},"type":"binary-expr","locations":[{"start":{"line":2,"column":6},"end":{"line":2,"column":14}},{"start":{"line":2,"column":18},"end":{"line":2,"column":26}}],"line":2},"2":{"loc":{"start":{"line":4,"column":2},"end":{"line":5,"column":41}},"type":"if","locations":[{"start":{"line":4,"column":2},"end":{"line":5,"column":41}},{"start":{"line":4,"column":2},"end":{"line":5,"column":41}}],"line":4},"3":{"loc":{"start":{"line":4,"column":6},"end":{"line":4,"column":66}},"type":"binary-expr","locations":[{"start":{"line":4,"column":6},"end":{"line":4,"column":34}},{"start":{"line":4,"column":38},"end":{"line":4,"column":66}}],"line":4}},"s":{"0":1,"1":1,"2":0,"3":1,"4":0,"5":1,"6":1,"7":0,"8":1,"9":1,"10":1,"11":1,"12":1},"f":{"0":1,"1":0,"2":1,"3":1},"b":{"0":[0,1],"1":[1,1],"2":[0,1],"3":[1,1]},"_coverageSchema":"332fd63041d2c1bcb487cc26dd0d5f7d97098a6c","hash":"6e36c6d3f5d2dc086e0c434ebaab406c350993aa"}

}
